E, [2014-07-29T14:15:42.049482 #42175] ERROR -- Kitchen: ------Exception-------
E, [2014-07-29T14:15:42.049561 #42175] ERROR -- Kitchen: Class: Kitchen::UserError
E, [2014-07-29T14:15:42.049590 #42175] ERROR -- Kitchen: Message: Kitchen YAML file /Users/clairemcquin/oc/chef/.kitchen.yml does not exist.
E, [2014-07-29T14:15:42.049624 #42175] ERROR -- Kitchen: ------Backtrace-------
E, [2014-07-29T14:15:42.049646 #42175] ERROR -- Kitchen: /opt/chefdk/embedded/apps/test-kitchen/lib/kitchen/loader/yaml.rb:74:in `read'
E, [2014-07-29T14:15:42.049667 #42175] ERROR -- Kitchen: /opt/chefdk/embedded/apps/test-kitchen/lib/kitchen/config.rb:78:in `data'
E, [2014-07-29T14:15:42.049688 #42175] ERROR -- Kitchen: /opt/chefdk/embedded/apps/test-kitchen/lib/kitchen/config.rb:66:in `suites'
E, [2014-07-29T14:15:42.049723 #42175] ERROR -- Kitchen: /opt/chefdk/embedded/apps/test-kitchen/lib/kitchen/config.rb:90:in `filter_instances'
E, [2014-07-29T14:15:42.049744 #42175] ERROR -- Kitchen: /opt/chefdk/embedded/apps/test-kitchen/lib/kitchen/config.rb:72:in `build_instances'
E, [2014-07-29T14:15:42.049764 #42175] ERROR -- Kitchen: /opt/chefdk/embedded/apps/test-kitchen/lib/kitchen/config.rb:52:in `instances'
E, [2014-07-29T14:15:42.049794 #42175] ERROR -- Kitchen: /opt/chefdk/embedded/apps/test-kitchen/lib/kitchen/command.rb:64:in `get_filtered_instances'
E, [2014-07-29T14:15:42.049815 #42175] ERROR -- Kitchen: /opt/chefdk/embedded/apps/test-kitchen/lib/kitchen/command.rb:85:in `parse_subcommand'
E, [2014-07-29T14:15:42.049836 #42175] ERROR -- Kitchen: /opt/chefdk/embedded/apps/test-kitchen/lib/kitchen/command/list.rb:31:in `call'
E, [2014-07-29T14:15:42.049857 #42175] ERROR -- Kitchen: /opt/chefdk/embedded/apps/test-kitchen/lib/kitchen/cli.rb:47:in `perform'
E, [2014-07-29T14:15:42.049877 #42175] ERROR -- Kitchen: /opt/chefdk/embedded/apps/test-kitchen/lib/kitchen/cli.rb:81:in `list'
E, [2014-07-29T14:15:42.049901 #42175] ERROR -- Kitchen: /opt/chefdk/embedded/lib/ruby/gems/2.1.0/gems/thor-0.19.1/lib/thor/command.rb:27:in `run'
E, [2014-07-29T14:15:42.049922 #42175] ERROR -- Kitchen: /opt/chefdk/embedded/lib/ruby/gems/2.1.0/gems/thor-0.19.1/lib/thor/invocation.rb:126:in `invoke_command'
E, [2014-07-29T14:15:42.049943 #42175] ERROR -- Kitchen: /opt/chefdk/embedded/apps/test-kitchen/lib/kitchen/cli.rb:259:in `invoke_task'
E, [2014-07-29T14:15:42.049963 #42175] ERROR -- Kitchen: /opt/chefdk/embedded/lib/ruby/gems/2.1.0/gems/thor-0.19.1/lib/thor.rb:359:in `dispatch'
E, [2014-07-29T14:15:42.049984 #42175] ERROR -- Kitchen: /opt/chefdk/embedded/lib/ruby/gems/2.1.0/gems/thor-0.19.1/lib/thor/base.rb:440:in `start'
E, [2014-07-29T14:15:42.050004 #42175] ERROR -- Kitchen: /opt/chefdk/embedded/apps/test-kitchen/bin/kitchen:13:in `block in <top (required)>'
E, [2014-07-29T14:15:42.050024 #42175] ERROR -- Kitchen: /opt/chefdk/embedded/apps/test-kitchen/lib/kitchen/errors.rb:81:in `with_friendly_errors'
E, [2014-07-29T14:15:42.050045 #42175] ERROR -- Kitchen: /opt/chefdk/embedded/apps/test-kitchen/bin/kitchen:13:in `<top (required)>'
E, [2014-07-29T14:15:42.050066 #42175] ERROR -- Kitchen: /opt/chefdk/bin/kitchen:10:in `load'
E, [2014-07-29T14:15:42.050086 #42175] ERROR -- Kitchen: /opt/chefdk/bin/kitchen:10:in `<main>'
E, [2014-07-29T14:15:42.050110 #42175] ERROR -- Kitchen: ----------------------
E, [2014-07-30T11:35:00.753700 #44963] ERROR -- Kitchen: ------Exception-------
E, [2014-07-30T11:35:00.754046 #44963] ERROR -- Kitchen: Class: Kitchen::UserError
E, [2014-07-30T11:35:00.754082 #44963] ERROR -- Kitchen: Message: Kitchen YAML file /Users/clairemcquin/oc/chef/.kitchen.yml does not exist.
E, [2014-07-30T11:35:00.754106 #44963] ERROR -- Kitchen: ------Backtrace-------
E, [2014-07-30T11:35:00.754126 #44963] ERROR -- Kitchen: /opt/chefdk/embedded/apps/test-kitchen/lib/kitchen/loader/yaml.rb:74:in `read'
E, [2014-07-30T11:35:00.754152 #44963] ERROR -- Kitchen: /opt/chefdk/embedded/apps/test-kitchen/lib/kitchen/config.rb:78:in `data'
E, [2014-07-30T11:35:00.754174 #44963] ERROR -- Kitchen: /opt/chefdk/embedded/apps/test-kitchen/lib/kitchen/config.rb:66:in `suites'
E, [2014-07-30T11:35:00.754223 #44963] ERROR -- Kitchen: /opt/chefdk/embedded/apps/test-kitchen/lib/kitchen/config.rb:90:in `filter_instances'
E, [2014-07-30T11:35:00.754247 #44963] ERROR -- Kitchen: /opt/chefdk/embedded/apps/test-kitchen/lib/kitchen/config.rb:72:in `build_instances'
E, [2014-07-30T11:35:00.754268 #44963] ERROR -- Kitchen: /opt/chefdk/embedded/apps/test-kitchen/lib/kitchen/config.rb:52:in `instances'
E, [2014-07-30T11:35:00.754289 #44963] ERROR -- Kitchen: /opt/chefdk/embedded/apps/test-kitchen/lib/kitchen/command.rb:64:in `get_filtered_instances'
E, [2014-07-30T11:35:00.754309 #44963] ERROR -- Kitchen: /opt/chefdk/embedded/apps/test-kitchen/lib/kitchen/command.rb:85:in `parse_subcommand'
E, [2014-07-30T11:35:00.754330 #44963] ERROR -- Kitchen: /opt/chefdk/embedded/apps/test-kitchen/lib/kitchen/command/list.rb:31:in `call'
E, [2014-07-30T11:35:00.754350 #44963] ERROR -- Kitchen: /opt/chefdk/embedded/apps/test-kitchen/lib/kitchen/cli.rb:47:in `perform'
E, [2014-07-30T11:35:00.754374 #44963] ERROR -- Kitchen: /opt/chefdk/embedded/apps/test-kitchen/lib/kitchen/cli.rb:81:in `list'
E, [2014-07-30T11:35:00.754396 #44963] ERROR -- Kitchen: /opt/chefdk/embedded/lib/ruby/gems/2.1.0/gems/thor-0.19.1/lib/thor/command.rb:27:in `run'
E, [2014-07-30T11:35:00.754417 #44963] ERROR -- Kitchen: /opt/chefdk/embedded/lib/ruby/gems/2.1.0/gems/thor-0.19.1/lib/thor/invocation.rb:126:in `invoke_command'
E, [2014-07-30T11:35:00.754437 #44963] ERROR -- Kitchen: /opt/chefdk/embedded/apps/test-kitchen/lib/kitchen/cli.rb:259:in `invoke_task'
E, [2014-07-30T11:35:00.754458 #44963] ERROR -- Kitchen: /opt/chefdk/embedded/lib/ruby/gems/2.1.0/gems/thor-0.19.1/lib/thor.rb:359:in `dispatch'
E, [2014-07-30T11:35:00.754478 #44963] ERROR -- Kitchen: /opt/chefdk/embedded/lib/ruby/gems/2.1.0/gems/thor-0.19.1/lib/thor/base.rb:440:in `start'
E, [2014-07-30T11:35:00.754499 #44963] ERROR -- Kitchen: /opt/chefdk/embedded/apps/test-kitchen/bin/kitchen:13:in `block in <top (required)>'
E, [2014-07-30T11:35:00.754519 #44963] ERROR -- Kitchen: /opt/chefdk/embedded/apps/test-kitchen/lib/kitchen/errors.rb:81:in `with_friendly_errors'
E, [2014-07-30T11:35:00.754539 #44963] ERROR -- Kitchen: /opt/chefdk/embedded/apps/test-kitchen/bin/kitchen:13:in `<top (required)>'
E, [2014-07-30T11:35:00.754563 #44963] ERROR -- Kitchen: /opt/chefdk/bin/kitchen:10:in `load'
E, [2014-07-30T11:35:00.754584 #44963] ERROR -- Kitchen: /opt/chefdk/bin/kitchen:10:in `<main>'
E, [2014-07-30T11:35:00.754604 #44963] ERROR -- Kitchen: ----------------------
