I, [2014-07-29T14:16:02.321442 #42186]  INFO -- Kitchen: -----> Starting Kitchen (v1.2.2.dev)
I, [2014-07-29T14:16:03.216835 #42186]  INFO -- Kitchen: -----> Cleaning up any prior instances of <default-ubuntu-1204>
I, [2014-07-29T14:16:03.217093 #42186]  INFO -- Kitchen: -----> Destroying <default-ubuntu-1204>...
I, [2014-07-29T14:16:03.219597 #42186]  INFO -- Kitchen: -----> Testing <default-ubuntu-1204>
I, [2014-07-29T14:16:03.219922 #42186]  INFO -- Kitchen: -----> Creating <default-ubuntu-1204>...
E, [2014-07-29T14:16:34.559804 #42186] ERROR -- Kitchen: ------Exception-------
E, [2014-07-29T14:16:34.559850 #42186] ERROR -- Kitchen: Class: Kitchen::ActionFailed
E, [2014-07-29T14:16:34.559876 #42186] ERROR -- Kitchen: Message: Failed to complete #create action: [Expected process to exit with [0], but received '1'
---- Begin output of vagrant up --no-provision --provider=virtualbox ----
STDOUT: Bringing machine 'default' up with 'virtualbox' provider...
==> default: Importing base box 'opscode-ubuntu-12.04'...
[KProgress: 10%[KProgress: 20%[KProgress: 40%[KProgress: 60%[KProgress: 70%[KProgress: 80%[KProgress: 90%[K==> default: Matching MAC address for NAT networking...
==> default: Setting the name of the VM: default-ubuntu-1204_default_1406668573660_74122
==> default: Fixed port collision for 22 => 2222. Now on port 2204.
==> default: Clearing any previously set network interfaces...
==> default: Preparing network interfaces based on configuration...
    default: Adapter 1: nat
==> default: Forwarding ports...
    default: 22 => 2204 (adapter 1)
==> default: Booting VM...
==> default: Waiting for machine to boot. This may take a few minutes...
    default: SSH address: 127.0.0.1:2204
    default: SSH username: vagrant
    default: SSH auth method: private key
    default: Warning: Connection timeout. Retrying...
==> default: Machine booted and ready!
==> default: Checking for guest additions in VM...
==> default: Setting hostname...
STDERR: SSH connection was refused! This usually happens if the VM failed to
boot properly. Some steps to try to fix this: First, try reloading your
VM with `vagrant reload`, since a simple restart sometimes fixes things.
If that doesn't work, destroy your VM and recreate it with a `vagrant destroy`
followed by a `vagrant up`. If that doesn't work, contact a Vagrant
maintainer (support channels listed on the website) for more assistance.
---- End output of vagrant up --no-provision --provider=virtualbox ----
Ran vagrant up --no-provision --provider=virtualbox returned 1]
E, [2014-07-29T14:16:34.559907 #42186] ERROR -- Kitchen: ---Nested Exception---
E, [2014-07-29T14:16:34.559933 #42186] ERROR -- Kitchen: Class: Kitchen::ShellOut::ShellCommandFailed
E, [2014-07-29T14:16:34.560010 #42186] ERROR -- Kitchen: Message: Expected process to exit with [0], but received '1'
---- Begin output of vagrant up --no-provision --provider=virtualbox ----
STDOUT: Bringing machine 'default' up with 'virtualbox' provider...
==> default: Importing base box 'opscode-ubuntu-12.04'...
[KProgress: 10%[KProgress: 20%[KProgress: 40%[KProgress: 60%[KProgress: 70%[KProgress: 80%[KProgress: 90%[K==> default: Matching MAC address for NAT networking...
==> default: Setting the name of the VM: default-ubuntu-1204_default_1406668573660_74122
==> default: Fixed port collision for 22 => 2222. Now on port 2204.
==> default: Clearing any previously set network interfaces...
==> default: Preparing network interfaces based on configuration...
    default: Adapter 1: nat
==> default: Forwarding ports...
    default: 22 => 2204 (adapter 1)
==> default: Booting VM...
==> default: Waiting for machine to boot. This may take a few minutes...
    default: SSH address: 127.0.0.1:2204
    default: SSH username: vagrant
    default: SSH auth method: private key
    default: Warning: Connection timeout. Retrying...
==> default: Machine booted and ready!
==> default: Checking for guest additions in VM...
==> default: Setting hostname...
STDERR: SSH connection was refused! This usually happens if the VM failed to
boot properly. Some steps to try to fix this: First, try reloading your
VM with `vagrant reload`, since a simple restart sometimes fixes things.
If that doesn't work, destroy your VM and recreate it with a `vagrant destroy`
followed by a `vagrant up`. If that doesn't work, contact a Vagrant
maintainer (support channels listed on the website) for more assistance.
---- End output of vagrant up --no-provision --provider=virtualbox ----
Ran vagrant up --no-provision --provider=virtualbox returned 1
E, [2014-07-29T14:16:34.560050 #42186] ERROR -- Kitchen: ------Backtrace-------
E, [2014-07-29T14:16:34.560078 #42186] ERROR -- Kitchen: /opt/chefdk/embedded/apps/test-kitchen/lib/kitchen/shell_out.rb:70:in `rescue in run_command'
E, [2014-07-29T14:16:34.560105 #42186] ERROR -- Kitchen: /opt/chefdk/embedded/apps/test-kitchen/lib/kitchen/shell_out.rb:59:in `run_command'
E, [2014-07-29T14:16:34.560130 #42186] ERROR -- Kitchen: /opt/chefdk/embedded/apps/test-kitchen/lib/kitchen/driver/base.rb:158:in `run_command'
E, [2014-07-29T14:16:34.560153 #42186] ERROR -- Kitchen: /Users/clairemcquin/.chefdk/gem/ruby/2.1.0/gems/kitchen-vagrant-0.15.0/lib/kitchen/driver/vagrant.rb:123:in `run'
E, [2014-07-29T14:16:34.560180 #42186] ERROR -- Kitchen: /Users/clairemcquin/.chefdk/gem/ruby/2.1.0/gems/kitchen-vagrant-0.15.0/lib/kitchen/driver/vagrant.rb:68:in `create'
E, [2014-07-29T14:16:34.560206 #42186] ERROR -- Kitchen: /opt/chefdk/embedded/apps/test-kitchen/lib/kitchen/instance.rb:280:in `public_send'
E, [2014-07-29T14:16:34.560231 #42186] ERROR -- Kitchen: /opt/chefdk/embedded/apps/test-kitchen/lib/kitchen/instance.rb:280:in `block in perform_action'
E, [2014-07-29T14:16:34.560259 #42186] ERROR -- Kitchen: /opt/chefdk/embedded/apps/test-kitchen/lib/kitchen/instance.rb:312:in `call'
E, [2014-07-29T14:16:34.560282 #42186] ERROR -- Kitchen: /opt/chefdk/embedded/apps/test-kitchen/lib/kitchen/instance.rb:312:in `block in synchronize_or_call'
E, [2014-07-29T14:16:34.560307 #42186] ERROR -- Kitchen: /opt/chefdk/embedded/apps/test-kitchen/lib/kitchen/instance.rb:310:in `synchronize'
E, [2014-07-29T14:16:34.560331 #42186] ERROR -- Kitchen: /opt/chefdk/embedded/apps/test-kitchen/lib/kitchen/instance.rb:310:in `synchronize_or_call'
E, [2014-07-29T14:16:34.560356 #42186] ERROR -- Kitchen: /opt/chefdk/embedded/apps/test-kitchen/lib/kitchen/instance.rb:290:in `block in action'
E, [2014-07-29T14:16:34.560383 #42186] ERROR -- Kitchen: /opt/chefdk/embedded/lib/ruby/2.1.0/benchmark.rb:279:in `measure'
E, [2014-07-29T14:16:34.560445 #42186] ERROR -- Kitchen: /opt/chefdk/embedded/apps/test-kitchen/lib/kitchen/instance.rb:289:in `action'
E, [2014-07-29T14:16:34.560473 #42186] ERROR -- Kitchen: /opt/chefdk/embedded/apps/test-kitchen/lib/kitchen/instance.rb:280:in `perform_action'
E, [2014-07-29T14:16:34.560500 #42186] ERROR -- Kitchen: /opt/chefdk/embedded/apps/test-kitchen/lib/kitchen/instance.rb:259:in `create_action'
E, [2014-07-29T14:16:34.560528 #42186] ERROR -- Kitchen: /opt/chefdk/embedded/apps/test-kitchen/lib/kitchen/instance.rb:253:in `block in transition_to'
E, [2014-07-29T14:16:34.560554 #42186] ERROR -- Kitchen: /opt/chefdk/embedded/apps/test-kitchen/lib/kitchen/instance.rb:252:in `each'
E, [2014-07-29T14:16:34.560581 #42186] ERROR -- Kitchen: /opt/chefdk/embedded/apps/test-kitchen/lib/kitchen/instance.rb:252:in `transition_to'
E, [2014-07-29T14:16:34.560609 #42186] ERROR -- Kitchen: /opt/chefdk/embedded/apps/test-kitchen/lib/kitchen/instance.rb:141:in `verify'
E, [2014-07-29T14:16:34.560634 #42186] ERROR -- Kitchen: /opt/chefdk/embedded/apps/test-kitchen/lib/kitchen/instance.rb:170:in `block in test'
E, [2014-07-29T14:16:34.560659 #42186] ERROR -- Kitchen: /opt/chefdk/embedded/lib/ruby/2.1.0/benchmark.rb:279:in `measure'
E, [2014-07-29T14:16:34.560684 #42186] ERROR -- Kitchen: /opt/chefdk/embedded/apps/test-kitchen/lib/kitchen/instance.rb:166:in `test'
E, [2014-07-29T14:16:34.560709 #42186] ERROR -- Kitchen: /opt/chefdk/embedded/apps/test-kitchen/lib/kitchen/command.rb:109:in `public_send'
E, [2014-07-29T14:16:34.560735 #42186] ERROR -- Kitchen: /opt/chefdk/embedded/apps/test-kitchen/lib/kitchen/command.rb:109:in `block (2 levels) in run_action'
E, [2014-07-29T14:16:34.560770 #42186] ERROR -- Kitchen: ----------------------
I, [2014-07-29T14:17:06.448912 #42307]  INFO -- Kitchen: -----> Starting Kitchen (v1.2.2.dev)
I, [2014-07-29T14:17:07.335366 #42307]  INFO -- Kitchen: -----> Cleaning up any prior instances of <default-ubuntu-1204>
I, [2014-07-29T14:17:07.335694 #42307]  INFO -- Kitchen: -----> Destroying <default-ubuntu-1204>...
I, [2014-07-29T14:17:07.338138 #42307]  INFO -- Kitchen: -----> Testing <default-ubuntu-1204>
I, [2014-07-29T14:17:07.338404 #42307]  INFO -- Kitchen: -----> Creating <default-ubuntu-1204>...
I, [2014-07-29T14:17:37.742245 #42307]  INFO -- Kitchen: -----> Converging <default-ubuntu-1204>...
E, [2014-07-29T14:18:53.447691 #42307] ERROR -- Kitchen: ------Exception-------
E, [2014-07-29T14:18:53.447731 #42307] ERROR -- Kitchen: Class: Kitchen::ActionFailed
E, [2014-07-29T14:18:53.447757 #42307] ERROR -- Kitchen: Message: Failed to complete #converge action: [buffer error]
E, [2014-07-29T14:18:53.447779 #42307] ERROR -- Kitchen: ---Nested Exception---
E, [2014-07-29T14:18:53.447801 #42307] ERROR -- Kitchen: Class: Zlib::BufError
E, [2014-07-29T14:18:53.447823 #42307] ERROR -- Kitchen: Message: buffer error
E, [2014-07-29T14:18:53.447845 #42307] ERROR -- Kitchen: ------Backtrace-------
E, [2014-07-29T14:18:53.447867 #42307] ERROR -- Kitchen: /opt/chefdk/embedded/lib/ruby/2.1.0/net/http/response.rb:357:in `finish'
E, [2014-07-29T14:18:53.447890 #42307] ERROR -- Kitchen: /opt/chefdk/embedded/lib/ruby/2.1.0/net/http/response.rb:357:in `finish'
E, [2014-07-29T14:18:53.447913 #42307] ERROR -- Kitchen: /opt/chefdk/embedded/lib/ruby/2.1.0/net/http/response.rb:262:in `ensure in inflater'
E, [2014-07-29T14:18:53.447935 #42307] ERROR -- Kitchen: /opt/chefdk/embedded/lib/ruby/2.1.0/net/http/response.rb:262:in `inflater'
E, [2014-07-29T14:18:53.447957 #42307] ERROR -- Kitchen: /opt/chefdk/embedded/lib/ruby/2.1.0/net/http/response.rb:274:in `read_body_0'
E, [2014-07-29T14:18:53.447979 #42307] ERROR -- Kitchen: /opt/chefdk/embedded/lib/ruby/2.1.0/net/http/response.rb:201:in `read_body'
E, [2014-07-29T14:18:53.448002 #42307] ERROR -- Kitchen: /opt/chefdk/embedded/lib/ruby/2.1.0/net/http.rb:1129:in `block in get'
E, [2014-07-29T14:18:53.448024 #42307] ERROR -- Kitchen: /opt/chefdk/embedded/lib/ruby/2.1.0/net/http.rb:1415:in `block (2 levels) in transport_request'
E, [2014-07-29T14:18:53.448046 #42307] ERROR -- Kitchen: /opt/chefdk/embedded/lib/ruby/2.1.0/net/http/response.rb:162:in `reading_body'
E, [2014-07-29T14:18:53.448069 #42307] ERROR -- Kitchen: /opt/chefdk/embedded/lib/ruby/2.1.0/net/http.rb:1414:in `block in transport_request'
E, [2014-07-29T14:18:53.448092 #42307] ERROR -- Kitchen: /opt/chefdk/embedded/lib/ruby/2.1.0/net/http.rb:1405:in `catch'
E, [2014-07-29T14:18:53.448114 #42307] ERROR -- Kitchen: /opt/chefdk/embedded/lib/ruby/2.1.0/net/http.rb:1405:in `transport_request'
E, [2014-07-29T14:18:53.448137 #42307] ERROR -- Kitchen: /opt/chefdk/embedded/lib/ruby/2.1.0/net/http.rb:1378:in `request'
E, [2014-07-29T14:18:53.448159 #42307] ERROR -- Kitchen: /opt/chefdk/embedded/lib/ruby/2.1.0/net/http.rb:1371:in `block in request'
E, [2014-07-29T14:18:53.448182 #42307] ERROR -- Kitchen: /opt/chefdk/embedded/lib/ruby/2.1.0/net/http.rb:853:in `start'
E, [2014-07-29T14:18:53.448204 #42307] ERROR -- Kitchen: /opt/chefdk/embedded/lib/ruby/2.1.0/net/http.rb:1369:in `request'
E, [2014-07-29T14:18:53.448227 #42307] ERROR -- Kitchen: /opt/chefdk/embedded/lib/ruby/2.1.0/net/http.rb:1128:in `get'
E, [2014-07-29T14:18:53.448249 #42307] ERROR -- Kitchen: /Users/clairemcquin/.chefdk/gem/ruby/2.1.0/gems/faraday-0.9.0/lib/faraday/adapter/net_http.rb:78:in `perform_request'
E, [2014-07-29T14:18:53.448271 #42307] ERROR -- Kitchen: /Users/clairemcquin/.chefdk/gem/ruby/2.1.0/gems/faraday-0.9.0/lib/faraday/adapter/net_http.rb:39:in `call'
E, [2014-07-29T14:18:53.448294 #42307] ERROR -- Kitchen: /Users/clairemcquin/.chefdk/gem/ruby/2.1.0/gems/faraday-0.9.0/lib/faraday/request/retry.rb:87:in `call'
E, [2014-07-29T14:18:53.448328 #42307] ERROR -- Kitchen: /Users/clairemcquin/.chefdk/gem/ruby/2.1.0/gems/faraday-0.9.0/lib/faraday/response.rb:8:in `call'
E, [2014-07-29T14:18:53.448352 #42307] ERROR -- Kitchen: /Users/clairemcquin/.chefdk/gem/ruby/2.1.0/gems/faraday-0.9.0/lib/faraday/response.rb:8:in `call'
E, [2014-07-29T14:18:53.448375 #42307] ERROR -- Kitchen: /Users/clairemcquin/.chefdk/gem/ruby/2.1.0/gems/faraday-0.9.0/lib/faraday/rack_builder.rb:139:in `build_response'
E, [2014-07-29T14:18:53.448398 #42307] ERROR -- Kitchen: /Users/clairemcquin/.chefdk/gem/ruby/2.1.0/gems/faraday-0.9.0/lib/faraday/connection.rb:377:in `run_request'
E, [2014-07-29T14:18:53.448420 #42307] ERROR -- Kitchen: /Users/clairemcquin/.chefdk/gem/ruby/2.1.0/gems/faraday-0.9.0/lib/faraday/connection.rb:140:in `get'
E, [2014-07-29T14:18:53.448443 #42307] ERROR -- Kitchen: /opt/chefdk/embedded/lib/ruby/gems/2.1.0/gems/berkshelf-api-client-1.2.0/lib/berkshelf/api_client/connection.rb:62:in `universe'
E, [2014-07-29T14:18:53.448465 #42307] ERROR -- Kitchen: /opt/chefdk/embedded/lib/ruby/gems/2.1.0/gems/berkshelf-3.1.4/lib/berkshelf/source.rb:22:in `build_universe'
E, [2014-07-29T14:18:53.448487 #42307] ERROR -- Kitchen: /opt/chefdk/embedded/lib/ruby/gems/2.1.0/gems/berkshelf-3.1.4/lib/berkshelf/installer.rb:21:in `block (2 levels) in build_universe'
E, [2014-07-29T14:18:53.448509 #42307] ERROR -- Kitchen: ----------------------
I, [2014-07-29T14:22:09.803502 #42421]  INFO -- Kitchen: -----> Starting Kitchen (v1.2.2.dev)
I, [2014-07-29T14:22:10.709473 #42421]  INFO -- Kitchen: -----> Cleaning up any prior instances of <default-ubuntu-1204>
I, [2014-07-29T14:22:10.710028 #42421]  INFO -- Kitchen: -----> Destroying <default-ubuntu-1204>...
I, [2014-07-29T14:22:13.681771 #42421]  INFO -- Kitchen: -----> Testing <default-ubuntu-1204>
I, [2014-07-29T14:22:13.682222 #42421]  INFO -- Kitchen: -----> Creating <default-ubuntu-1204>...
I, [2014-07-29T14:22:46.952170 #42421]  INFO -- Kitchen: -----> Converging <default-ubuntu-1204>...
E, [2014-07-29T14:27:36.723477 #42421] ERROR -- Kitchen: Converge failed on instance <default-ubuntu-1204>.
I, [2014-07-30T11:35:13.425384 #44974]  INFO -- Kitchen: -----> Starting Kitchen (v1.2.2.dev)
I, [2014-07-30T11:35:14.305001 #44974]  INFO -- Kitchen: -----> Destroying <default-ubuntu-1204>...
I, [2014-07-30T11:35:17.550874 #44974]  INFO -- Kitchen: -----> Kitchen is finished. (0m4.13s)
I, [2014-07-30T11:35:21.112911 #45011]  INFO -- Kitchen: -----> Starting Kitchen (v1.2.2.dev)
I, [2014-07-30T11:35:21.998367 #45011]  INFO -- Kitchen: -----> Creating <default-ubuntu-1204>...
I, [2014-07-30T11:35:56.034209 #45011]  INFO -- Kitchen: -----> Converging <default-ubuntu-1204>...
E, [2014-07-30T11:35:56.092277 #45011] ERROR -- Kitchen: ------Exception-------
E, [2014-07-30T11:35:56.092323 #45011] ERROR -- Kitchen: Class: Kitchen::ActionFailed
E, [2014-07-30T11:35:56.092354 #45011] ERROR -- Kitchen: Message: Failed to complete #converge action: [No such file or directory @ rb_sysopen - /opt/chefdk/embedded/apps/test-kitchen/lib/kitchen/provisioner/../../../support/chef_helpers.sh]
E, [2014-07-30T11:35:56.092381 #45011] ERROR -- Kitchen: ---Nested Exception---
E, [2014-07-30T11:35:56.092408 #45011] ERROR -- Kitchen: Class: Errno::ENOENT
E, [2014-07-30T11:35:56.092436 #45011] ERROR -- Kitchen: Message: No such file or directory @ rb_sysopen - /opt/chefdk/embedded/apps/test-kitchen/lib/kitchen/provisioner/../../../support/chef_helpers.sh
E, [2014-07-30T11:35:56.092464 #45011] ERROR -- Kitchen: ------Backtrace-------
E, [2014-07-30T11:35:56.092491 #45011] ERROR -- Kitchen: /opt/chefdk/embedded/apps/test-kitchen/lib/kitchen/provisioner/chef_base.rb:139:in `read'
E, [2014-07-30T11:35:56.092518 #45011] ERROR -- Kitchen: /opt/chefdk/embedded/apps/test-kitchen/lib/kitchen/provisioner/chef_base.rb:139:in `chef_shell_helpers'
E, [2014-07-30T11:35:56.092547 #45011] ERROR -- Kitchen: /opt/chefdk/embedded/apps/test-kitchen/lib/kitchen/provisioner/chef_base.rb:86:in `install_command'
E, [2014-07-30T11:35:56.092575 #45011] ERROR -- Kitchen: /opt/chefdk/embedded/apps/test-kitchen/lib/kitchen/driver/ssh_base.rb:44:in `block in converge'
E, [2014-07-30T11:35:56.092631 #45011] ERROR -- Kitchen: /opt/chefdk/embedded/apps/test-kitchen/lib/kitchen/ssh.rb:47:in `initialize'
E, [2014-07-30T11:35:56.092660 #45011] ERROR -- Kitchen: /opt/chefdk/embedded/apps/test-kitchen/lib/kitchen/driver/ssh_base.rb:43:in `new'
E, [2014-07-30T11:35:56.092685 #45011] ERROR -- Kitchen: /opt/chefdk/embedded/apps/test-kitchen/lib/kitchen/driver/ssh_base.rb:43:in `converge'
E, [2014-07-30T11:35:56.092712 #45011] ERROR -- Kitchen: /Users/clairemcquin/.chefdk/gem/ruby/2.1.0/gems/kitchen-vagrant-0.15.0/lib/kitchen/driver/vagrant.rb:75:in `converge'
E, [2014-07-30T11:35:56.092739 #45011] ERROR -- Kitchen: /opt/chefdk/embedded/apps/test-kitchen/lib/kitchen/instance.rb:280:in `public_send'
E, [2014-07-30T11:35:56.092764 #45011] ERROR -- Kitchen: /opt/chefdk/embedded/apps/test-kitchen/lib/kitchen/instance.rb:280:in `block in perform_action'
E, [2014-07-30T11:35:56.092791 #45011] ERROR -- Kitchen: /opt/chefdk/embedded/apps/test-kitchen/lib/kitchen/instance.rb:315:in `call'
E, [2014-07-30T11:35:56.092819 #45011] ERROR -- Kitchen: /opt/chefdk/embedded/apps/test-kitchen/lib/kitchen/instance.rb:315:in `synchronize_or_call'
E, [2014-07-30T11:35:56.092845 #45011] ERROR -- Kitchen: /opt/chefdk/embedded/apps/test-kitchen/lib/kitchen/instance.rb:290:in `block in action'
E, [2014-07-30T11:35:56.092871 #45011] ERROR -- Kitchen: /opt/chefdk/embedded/lib/ruby/2.1.0/benchmark.rb:279:in `measure'
E, [2014-07-30T11:35:56.092893 #45011] ERROR -- Kitchen: /opt/chefdk/embedded/apps/test-kitchen/lib/kitchen/instance.rb:289:in `action'
E, [2014-07-30T11:35:56.092920 #45011] ERROR -- Kitchen: /opt/chefdk/embedded/apps/test-kitchen/lib/kitchen/instance.rb:280:in `perform_action'
E, [2014-07-30T11:35:56.092944 #45011] ERROR -- Kitchen: /opt/chefdk/embedded/apps/test-kitchen/lib/kitchen/instance.rb:263:in `converge_action'
E, [2014-07-30T11:35:56.092970 #45011] ERROR -- Kitchen: /opt/chefdk/embedded/apps/test-kitchen/lib/kitchen/instance.rb:253:in `block in transition_to'
E, [2014-07-30T11:35:56.092995 #45011] ERROR -- Kitchen: /opt/chefdk/embedded/apps/test-kitchen/lib/kitchen/instance.rb:252:in `each'
E, [2014-07-30T11:35:56.093031 #45011] ERROR -- Kitchen: /opt/chefdk/embedded/apps/test-kitchen/lib/kitchen/instance.rb:252:in `transition_to'
E, [2014-07-30T11:35:56.093056 #45011] ERROR -- Kitchen: /opt/chefdk/embedded/apps/test-kitchen/lib/kitchen/instance.rb:119:in `converge'
E, [2014-07-30T11:35:56.093082 #45011] ERROR -- Kitchen: /opt/chefdk/embedded/apps/test-kitchen/lib/kitchen/command.rb:109:in `public_send'
E, [2014-07-30T11:35:56.093108 #45011] ERROR -- Kitchen: /opt/chefdk/embedded/apps/test-kitchen/lib/kitchen/command.rb:109:in `block (2 levels) in run_action'
E, [2014-07-30T11:35:56.093133 #45011] ERROR -- Kitchen: ----------------------
I, [2014-07-30T11:39:18.570056 #45310]  INFO -- Kitchen: -----> Starting Kitchen (v1.2.2.dev)
I, [2014-07-30T11:39:19.447768 #45310]  INFO -- Kitchen: -----> Converging <default-ubuntu-1204>...
I, [2014-07-30T11:39:45.045826 #45310]  INFO -- Kitchen: -----> Kitchen is finished. (0m26.48s)
I, [2014-07-30T11:40:37.297467 #45330]  INFO -- Kitchen: -----> Starting Kitchen (v1.2.2.dev)
I, [2014-07-30T11:40:38.187026 #45330]  INFO -- Kitchen: -----> Converging <default-ubuntu-1204>...
I, [2014-07-30T11:40:41.154015 #45330]  INFO -- Kitchen: -----> Kitchen is finished. (0m3.86s)
I, [2014-07-30T11:40:52.222468 #45341]  INFO -- Kitchen: -----> Starting Kitchen (v1.2.2.dev)
I, [2014-07-30T11:40:53.110398 #45341]  INFO -- Kitchen: -----> Converging <default-ubuntu-1204>...
I, [2014-07-30T11:40:55.958848 #45341]  INFO -- Kitchen: -----> Kitchen is finished. (0m3.74s)
I, [2014-07-30T11:42:31.975676 #45392]  INFO -- Kitchen: -----> Starting Kitchen (v1.2.2.dev)
I, [2014-07-30T11:42:32.852590 #45392]  INFO -- Kitchen: -----> Converging <default-ubuntu-1204>...
E, [2014-07-30T11:42:43.319434 #45392] ERROR -- Kitchen: Converge failed on instance <default-ubuntu-1204>.
I, [2014-07-30T11:43:07.025981 #45407]  INFO -- Kitchen: -----> Starting Kitchen (v1.2.2.dev)
I, [2014-07-30T11:43:07.922185 #45407]  INFO -- Kitchen: -----> Converging <default-ubuntu-1204>...
E, [2014-07-30T11:43:15.787157 #45407] ERROR -- Kitchen: Converge failed on instance <default-ubuntu-1204>.
I, [2014-07-30T11:44:40.341410 #45446]  INFO -- Kitchen: -----> Starting Kitchen (v1.2.2.dev)
I, [2014-07-30T11:44:41.233651 #45446]  INFO -- Kitchen: -----> Converging <default-ubuntu-1204>...
E, [2014-07-30T11:45:20.456970 #45446] ERROR -- Kitchen: Converge failed on instance <default-ubuntu-1204>.
I, [2014-07-30T11:48:02.187214 #45474]  INFO -- Kitchen: -----> Starting Kitchen (v1.2.2.dev)
I, [2014-07-30T11:48:03.082864 #45474]  INFO -- Kitchen: -----> Converging <default-ubuntu-1204>...
I, [2014-07-30T11:48:24.198529 #45474]  INFO -- Kitchen: -----> Kitchen is finished. (0m22.01s)
I, [2014-07-30T11:50:41.056399 #45494]  INFO -- Kitchen: -----> Starting Kitchen (v1.2.2.dev)
I, [2014-07-30T11:50:41.932944 #45494]  INFO -- Kitchen: -----> Converging <default-ubuntu-1204>...
I, [2014-07-30T11:51:03.028263 #45494]  INFO -- Kitchen: -----> Kitchen is finished. (0m21.97s)
I, [2014-07-30T11:51:09.835576 #45505]  INFO -- Kitchen: -----> Starting Kitchen (v1.2.2.dev)
I, [2014-07-30T11:51:10.715791 #45505]  INFO -- Kitchen: -----> Converging <default-ubuntu-1204>...
E, [2014-07-30T11:51:12.506298 #45505] ERROR -- Kitchen: Converge failed on instance <default-ubuntu-1204>.
I, [2014-07-30T14:29:38.017903 #48965]  INFO -- Kitchen: -----> Starting Kitchen (v1.2.2.dev)
I, [2014-07-30T14:30:43.875434 #48994]  INFO -- Kitchen: -----> Starting Kitchen (v1.2.2.dev)
I, [2014-07-30T14:30:44.801784 #48994]  INFO -- Kitchen: -----> Converging <default-ubuntu-1204>...
I, [2014-07-30T14:31:08.495221 #48994]  INFO -- Kitchen: -----> Kitchen is finished. (0m24.62s)
I, [2014-07-30T16:34:43.877608 #49882]  INFO -- Kitchen: -----> Starting Kitchen (v1.2.2.dev)
I, [2014-07-30T16:34:44.407337 #49882]  INFO -- Kitchen: -----> Cleaning up any prior instances of <default-ubuntu-1204>
I, [2014-07-30T16:34:44.407867 #49882]  INFO -- Kitchen: -----> Destroying <default-ubuntu-1204>...
I, [2014-07-30T16:34:47.403370 #49882]  INFO -- Kitchen: -----> Testing <default-ubuntu-1204>
I, [2014-07-30T16:34:47.403566 #49882]  INFO -- Kitchen: -----> Creating <default-ubuntu-1204>...
I, [2014-07-30T16:35:20.674432 #49882]  INFO -- Kitchen: -----> Converging <default-ubuntu-1204>...
I, [2014-07-30T16:36:26.047453 #49882]  INFO -- Kitchen: -----> Setting up <default-ubuntu-1204>...
I, [2014-07-30T16:36:26.050838 #49882]  INFO -- Kitchen: -----> Verifying <default-ubuntu-1204>...
I, [2014-07-30T16:36:26.052202 #49882]  INFO -- Kitchen: -----> Destroying <default-ubuntu-1204>...
I, [2014-07-30T16:36:29.314112 #49882]  INFO -- Kitchen: -----> Kitchen is finished. (1m45.44s)
I, [2014-07-30T16:40:02.802077 #50042]  INFO -- Kitchen: -----> Starting Kitchen (v1.2.2.dev)
I, [2014-07-30T16:40:03.285073 #50042]  INFO -- Kitchen: -----> Cleaning up any prior instances of <default-ubuntu-1204>
I, [2014-07-30T16:40:03.285231 #50042]  INFO -- Kitchen: -----> Destroying <default-ubuntu-1204>...
I, [2014-07-30T16:40:03.287235 #50042]  INFO -- Kitchen: -----> Testing <default-ubuntu-1204>
I, [2014-07-30T16:40:03.287402 #50042]  INFO -- Kitchen: -----> Creating <default-ubuntu-1204>...
I, [2014-07-30T16:40:36.464399 #50042]  INFO -- Kitchen: -----> Converging <default-ubuntu-1204>...
E, [2014-07-30T16:41:38.398846 #50042] ERROR -- Kitchen: Converge failed on instance <default-ubuntu-1204>.
I, [2014-07-31T09:04:02.531635 #50379]  INFO -- Kitchen: -----> Starting Kitchen (v1.2.2.dev)
I, [2014-07-31T09:04:03.347518 #50379]  INFO -- Kitchen: -----> Cleaning up any prior instances of <default-ubuntu-1204>
I, [2014-07-31T09:04:03.348676 #50379]  INFO -- Kitchen: -----> Destroying <default-ubuntu-1204>...
I, [2014-07-31T09:04:06.603998 #50379]  INFO -- Kitchen: -----> Testing <default-ubuntu-1204>
I, [2014-07-31T09:04:06.604191 #50379]  INFO -- Kitchen: -----> Creating <default-ubuntu-1204>...
I, [2014-07-31T09:04:40.997878 #50379]  INFO -- Kitchen: -----> Converging <default-ubuntu-1204>...
E, [2014-07-31T09:04:58.702840 #50379] ERROR -- Kitchen: Converge failed on instance <default-ubuntu-1204>.
I, [2014-07-31T09:05:31.543923 #50504]  INFO -- Kitchen: -----> Starting Kitchen (v1.2.2.dev)
I, [2014-07-31T09:05:32.032862 #50504]  INFO -- Kitchen: -----> Cleaning up any prior instances of <default-ubuntu-1204>
I, [2014-07-31T09:05:32.033372 #50504]  INFO -- Kitchen: -----> Destroying <default-ubuntu-1204>...
I, [2014-07-31T09:05:34.908301 #50504]  INFO -- Kitchen: -----> Testing <default-ubuntu-1204>
I, [2014-07-31T09:05:34.908565 #50504]  INFO -- Kitchen: -----> Creating <default-ubuntu-1204>...
I, [2014-07-31T09:06:08.133064 #50504]  INFO -- Kitchen: -----> Converging <default-ubuntu-1204>...
E, [2014-07-31T09:07:41.784263 #50504] ERROR -- Kitchen: Converge failed on instance <default-ubuntu-1204>.
I, [2014-07-31T10:36:10.670532 #50909]  INFO -- Kitchen: -----> Starting Kitchen (v1.2.2.dev)
I, [2014-07-31T10:36:11.172100 #50909]  INFO -- Kitchen: -----> Destroying <default-ubuntu-1204>...
I, [2014-07-31T10:36:14.167882 #50909]  INFO -- Kitchen: -----> Kitchen is finished. (0m3.50s)
